<?xml version="1.0" encoding="UTF-8"?>
<testsuite xmlns:xsi="http://www.w3.org/2001/XMLSchema-instance" xsi:noNamespaceSchemaLocation="https://maven.apache.org/surefire/maven-surefire-plugin/xsd/surefire-test-report.xsd" name="com.paradigmas2020.AppTest" time="0.123" tests="1" errors="0" skipped="0" failures="0">
  <properties>
    <property name="java.specification.version" value="14"/>
    <property name="sun.cpu.isalist" value="amd64"/>
    <property name="sun.jnu.encoding" value="Cp1252"/>
    <property name="java.class.path" value="C:\Users\Josue\Desktop\Prueba Maven\enano\target\test-classes;C:\Users\Josue\Desktop\Prueba Maven\enano\target\classes;C:\Users\Josue\.m2\repository\javax\servlet\javax.servlet-api\4.0.1\javax.servlet-api-4.0.1.jar;C:\Users\Josue\.m2\repository\junit\junit\4.11\junit-4.11.jar;C:\Users\Josue\.m2\repository\org\hamcrest\hamcrest-core\1.3\hamcrest-core-1.3.jar;C:\Users\Josue\.m2\repository\org\nanohttpd\nanohttpd-websocket\2.3.1\nanohttpd-websocket-2.3.1.jar;C:\Users\Josue\.m2\repository\org\nanohttpd\nanohttpd\2.3.1\nanohttpd-2.3.1.jar;C:\Users\Josue\.m2\repository\org\nanohttpd\nanohttpd-nanolets\2.3.1\nanohttpd-nanolets-2.3.1.jar;C:\Users\Josue\.m2\repository\com\nanohttpd\nanohttpd-webserver\2.1.1\nanohttpd-webserver-2.1.1.jar;C:\Users\Josue\.m2\repository\com\nanohttpd\nanohttpd\2.1.0\nanohttpd-2.1.0.jar;"/>
    <property name="java.vm.vendor" value="Oracle Corporation"/>
    <property name="sun.arch.data.model" value="64"/>
    <property name="user.variant" value=""/>
    <property name="java.vendor.url" value="https://java.oracle.com/"/>
    <property name="user.timezone" value="America/Costa_Rica"/>
    <property name="os.name" value="Windows 10"/>
    <property name="java.vm.specification.version" value="14"/>
    <property name="sun.java.launcher" value="SUN_STANDARD"/>
    <property name="user.country" value="CR"/>
    <property name="sun.boot.library.path" value="C:\Program Files\Java\jdk-14.0.2\bin"/>
    <property name="sun.java.command" value="C:\Users\Josue\AppData\Local\Temp\surefire2399011178079551534\surefirebooter15754609422577108860.jar C:\Users\Josue\AppData\Local\Temp\surefire2399011178079551534 2020-10-06T23-58-50_265-jvmRun1 surefire16292080027818253005tmp surefire_015504262186743903232tmp"/>
    <property name="jdk.debug" value="release"/>
    <property name="surefire.test.class.path" value="C:\Users\Josue\Desktop\Prueba Maven\enano\target\test-classes;C:\Users\Josue\Desktop\Prueba Maven\enano\target\classes;C:\Users\Josue\.m2\repository\javax\servlet\javax.servlet-api\4.0.1\javax.servlet-api-4.0.1.jar;C:\Users\Josue\.m2\repository\junit\junit\4.11\junit-4.11.jar;C:\Users\Josue\.m2\repository\org\hamcrest\hamcrest-core\1.3\hamcrest-core-1.3.jar;C:\Users\Josue\.m2\repository\org\nanohttpd\nanohttpd-websocket\2.3.1\nanohttpd-websocket-2.3.1.jar;C:\Users\Josue\.m2\repository\org\nanohttpd\nanohttpd\2.3.1\nanohttpd-2.3.1.jar;C:\Users\Josue\.m2\repository\org\nanohttpd\nanohttpd-nanolets\2.3.1\nanohttpd-nanolets-2.3.1.jar;C:\Users\Josue\.m2\repository\com\nanohttpd\nanohttpd-webserver\2.1.1\nanohttpd-webserver-2.1.1.jar;C:\Users\Josue\.m2\repository\com\nanohttpd\nanohttpd\2.1.0\nanohttpd-2.1.0.jar;"/>
    <property name="sun.cpu.endian" value="little"/>
    <property name="user.home" value="C:\Users\Josue"/>
    <property name="user.language" value="es"/>
    <property name="java.specification.vendor" value="Oracle Corporation"/>
    <property name="java.version.date" value="2020-07-14"/>
    <property name="java.home" value="C:\Program Files\Java\jdk-14.0.2"/>
    <property name="file.separator" value="\"/>
    <property name="basedir" value="C:\Users\Josue\Desktop\Prueba Maven\enano"/>
    <property name="java.vm.compressedOopsMode" value="32-bit"/>
    <property name="line.separator" value="&#10;"/>
    <property name="java.vm.specification.vendor" value="Oracle Corporation"/>
    <property name="java.specification.name" value="Java Platform API Specification"/>
    <property name="surefire.real.class.path" value="C:\Users\Josue\AppData\Local\Temp\surefire2399011178079551534\surefirebooter15754609422577108860.jar"/>
    <property name="user.script" value=""/>
    <property name="sun.management.compiler" value="HotSpot 64-Bit Tiered Compilers"/>
    <property name="java.runtime.version" value="14.0.2+12-46"/>
    <property name="user.name" value="Josue"/>
    <property name="path.separator" value=";"/>
    <property name="os.version" value="10.0"/>
    <property name="java.runtime.name" value="Java(TM) SE Runtime Environment"/>
    <property name="file.encoding" value="Cp1252"/>
    <property name="java.vm.name" value="Java HotSpot(TM) 64-Bit Server VM"/>
    <property name="localRepository" value="C:\Users\Josue\.m2\repository"/>
    <property name="java.vendor.url.bug" value="https://bugreport.java.com/bugreport/"/>
    <property name="java.io.tmpdir" value="C:\Users\Josue\AppData\Local\Temp\"/>
    <property name="java.version" value="14.0.2"/>
    <property name="user.dir" value="C:\Users\Josue\Desktop\Prueba Maven\enano"/>
    <property name="os.arch" value="amd64"/>
    <property name="java.vm.specification.name" value="Java Virtual Machine Specification"/>
    <property name="sun.os.patch.level" value=""/>
    <property name="java.library.path" value="C:\Program Files\Java\jdk-14.0.2\bin;C:\Windows\Sun\Java\bin;C:\Windows\system32;C:\Windows;C:\Program Files\Java\jdk-14.0.2\bin;C:\oraclexe\app\oracle\product\11.2.0\server\bin;C:\oraclexe\app\oracle\product\11.2.0\server\bin;C:\Program Files (x86)\Common Files\Oracle\Java\javapath;C:\Windows\system32;C:\Windows;C:\Windows\System32\Wbem;C:\Windows\System32\WindowsPowerShell\v1.0\;C:\Windows\System32\OpenSSH\;C:\Program Files\dotnet\;C:\Program Files\Microsoft SQL Server\130\Tools\Binn\;C:\Program Files\Microsoft SQL Server\Client SDK\ODBC\170\Tools\Binn\;C:\Program Files (x86)\Microsoft Visual Studio\Shared\Python37_64;C:\Program Files\MySQL\MySQL Server 8.0\bin;C:\Program Files\PuTTY\;C:\Program Files\nodejs\;C:\Program Files\Git\cmd;C:\Program Files\Git\mingw64\bin;C:\Program Files\Git\usr\bin;C:\kotlin\kotlin-compiler-1.3.72\kotlinc\bin;C:\maven\apache-maven-3.6.3-bin\apache-maven-3.6.3\bin;C:\gradle\gradle-6.5.1\bin;C:\Program Files\Wolfram Research\WolframScript\;C:\apache-ant-1.10.8\bin;C:\Program Files\swipl\bin;C:\Program Files (x86)\Wolfram Research\WolframScript\;C:\Program Files\Java\jdk1.8.0_161\bin;C:\Program Files\MySQL\MySQL Shell 8.0\bin\;C:\Users\Josue\AppData\Local\Microsoft\WindowsApps;C:\Program Files\JetBrains\PyCharm Community Edition 2019.2.3\bin;;C:\Program Files\MongoDB\Server\4.2\bin;C:\Users\Josue\AppData\Roaming\npm;C:\Users\Josue\AppData\Local\Programs\Microsoft VS Code\bin;C:\Program Files\nodejs;C:\Users\Josue\AppData\Local\GitHubDesktop\bin;."/>
    <property name="java.vm.info" value="mixed mode, sharing"/>
    <property name="java.vendor" value="Oracle Corporation"/>
    <property name="java.vm.version" value="14.0.2+12-46"/>
    <property name="sun.io.unicode.encoding" value="UnicodeLittle"/>
    <property name="java.class.version" value="58.0"/>
  </properties>
  <testcase name="shouldAnswerWithTrue" classname="com.paradigmas2020.AppTest" time="0.001"/>
</testsuite>